
kvfs_init()
    conn:
    proto_major = 7
    proto_minor = 23
    async_read = 1
    max_write = 131072
    max_readahead = 131072
    capable = 00000ffb
    want = 00000010
    max_background = 0
    congestion_threshold = 0
    context:
    fuse = 010584f0
    uid = 0
    gid = 0
    pid = 0
    private_data = 01057010
    logfile = 01058040
    rootdir = /home/anubhabmajumdar/kvfs_test
    umask = 00000
    kvfs_fullpath:  path = "/.Trash"

 inside kvfs_getattr_impl with path = 3817cedc0f64e53325cfc4665db1f668
    ERROR Getattr_impl: No such file or directory
    kvfs_fullpath:  path = "/.Trash-1000"

 inside kvfs_getattr_impl with path = e1b26379a002c5193694f34734931754
    ERROR Getattr_impl: No such file or directory
    kvfs_fullpath:  path = "/"

 inside kvfs_getattr_impl with path = 6666cd76f96956469e7be39d750cc7d9
    kvfs_fullpath:  path = "/"

 inside kvfs_getattr_impl with path = 6666cd76f96956469e7be39d750cc7d9
    kvfs_fullpath:  path = "/"

 Inside kvfs_access_impl with mask = 1 

 inside kvfs_opendir_impl with path = 6666cd76f96956469e7be39d750cc7d9 

 res = 1006636816 

 inside kvfs_readdir_impl with path = 6666cd76f96956469e7be39d750cc7d9 

 inside kvfs_releasedir_impl
    kvfs_fullpath:  path = "/hello.txt"

 inside kvfs_getattr_impl with path = 0c5850a3a53201bf22c888a39528c4c1
    ERROR Getattr_impl: No such file or directory

 inside kvfs_mknod_impl with mode = 33204
    kvfs_fullpath:  path = "/hello.txt"

 inside kvfs_getattr_impl with path = 0c5850a3a53201bf22c888a39528c4c1

 inside kvfs_open_impl

kvfs_flush(path="0c5850a3a53201bf22c888a39528c4c1", fi=0x4269ad10)
    fi:
    flags = 0x00000000
    fh_old = 0x00000000
    writepage = 0
    direct_io = 0
    keep_cache = 0
    fh = 0x0000000000000000
    lock_owner = 0xae1a73a7c7e333a8

 inside kvfs_write_impl

kvfs_flush(path="0c5850a3a53201bf22c888a39528c4c1", fi=0x4269ad10)
    fi:
    flags = 0x00000000
    fh_old = 0x00000000
    writepage = 0
    direct_io = 0
    keep_cache = 0
    fh = 0x0000000000000000
    lock_owner = 0xae1a73a7c7e333a8

 inside kvfs_release_impl

 inside kvfs_opendir_impl with path = 6666cd76f96956469e7be39d750cc7d9 

 res = 1006637728 

 inside kvfs_readdir_impl with path = 6666cd76f96956469e7be39d750cc7d9 
    kvfs_fullpath:  path = "/0c5850a3a53201bf22c888a39528c4c1"

 inside kvfs_getattr_impl with path = 0d59f09f04c6d82250cad7ea26d0cf08
    ERROR Getattr_impl: No such file or directory

 inside kvfs_releasedir_impl
    kvfs_fullpath:  path = "/"

 inside kvfs_getattr_impl with path = 6666cd76f96956469e7be39d750cc7d9
    kvfs_fullpath:  path = "/hello.txt"

 inside kvfs_getattr_impl with path = 0c5850a3a53201bf22c888a39528c4c1

 inside kvfs_open_impl

 inside kvfs_read_impl

 inside kvfs_fgetattr_impl

kvfs_flush(path="0c5850a3a53201bf22c888a39528c4c1", fi=0x4269ad10)
    fi:
    flags = 0x00000000
    fh_old = 0x00000000
    writepage = 0
    direct_io = 0
    keep_cache = 0
    fh = 0x0000000000000000
    lock_owner = 0x762efed5a4a58e9a

 inside kvfs_release_impl
